<?xml version="1.0" encoding="UTF-8"?>
<!-- Generated by org.testng.reporters.JUnitReportReporter -->
<testsuite hostname="LAPTOP-MGPIVCKJ" failures="0" tests="1" name="scripts.Test_login" time="73.035" errors="0" timestamp="2021-10-18T23:52:28 IST" skipped="0">
  <testcase classname="scripts.Test_login" name="login" time="73.035"/>
  <system-out>
    <![CDATA[Enter email
Enter firstname
Enter lastname
Enter emailaddress
Enter phone
Enter address
Enter city
state name
country name
Enter Zip
click]]>
  </system-out>
</testsuite> <!-- scripts.Test_login -->
